D:\GITHUB\OJ\11\11\DEBUG\12.EXE
D:\GITHUB\OJ\11\11\DEBUG\12.ILK
D:\GITHUB\OJ\11\11\DEBUG\12.PDB
D:\GITHUB\OJ\12\12\DEBUG\12.EXE.EMBED.MANIFEST
D:\GITHUB\OJ\12\12\DEBUG\12.EXE.EMBED.MANIFEST.RES
D:\GITHUB\OJ\12\12\DEBUG\12.EXE.INTERMEDIATE.MANIFEST
D:\GITHUB\OJ\12\12\DEBUG\12.OBJ
D:\GitHub\OJ\12\12\Debug\12.vcxprojResolveAssemblyReference.cache
D:\GitHub\OJ\12\12\Debug\12.write.1.tlog
D:\GitHub\OJ\12\12\Debug\12_manifest.rc
D:\GitHub\OJ\12\12\Debug\cl.command.1.tlog
D:\GitHub\OJ\12\12\Debug\CL.read.1.tlog
D:\GitHub\OJ\12\12\Debug\CL.write.1.tlog
D:\GitHub\OJ\12\12\Debug\link.1632.read.1.tlog
D:\GitHub\OJ\12\12\Debug\link.1632.write.1.tlog
D:\GitHub\OJ\12\12\Debug\link.1632-cvtres.read.1.tlog
D:\GitHub\OJ\12\12\Debug\link.1632-cvtres.write.1.tlog
D:\GitHub\OJ\12\12\Debug\link.2840.read.1.tlog
D:\GitHub\OJ\12\12\Debug\link.2840.write.1.tlog
D:\GitHub\OJ\12\12\Debug\link.2840-cvtres.read.1.tlog
D:\GitHub\OJ\12\12\Debug\link.2840-cvtres.write.1.tlog
D:\GitHub\OJ\12\12\Debug\link.command.1.tlog
D:\GitHub\OJ\12\12\Debug\link.read.1.tlog
D:\GitHub\OJ\12\12\Debug\link.write.1.tlog
D:\GitHub\OJ\12\12\Debug\link-cvtres.read.1.tlog
D:\GitHub\OJ\12\12\Debug\link-cvtres.write.1.tlog
D:\GitHub\OJ\12\12\Debug\mt.command.1.tlog
D:\GitHub\OJ\12\12\Debug\mt.read.1.tlog
D:\GitHub\OJ\12\12\Debug\mt.write.1.tlog
D:\GitHub\OJ\12\12\Debug\rc.command.1.tlog
D:\GitHub\OJ\12\12\Debug\rc.read.1.tlog
D:\GitHub\OJ\12\12\Debug\rc.write.1.tlog
D:\GitHub\OJ\12\12\Debug\vc100.idb
D:\GITHUB\OJ\12\12\DEBUG\VC100.PDB
