D:\GITHUB\OJ\3\3\DEBUG\8.EXE
D:\GITHUB\OJ\3\3\DEBUG\8.ILK
D:\GITHUB\OJ\3\3\DEBUG\8.PDB
D:\GITHUB\OJ\8\8\DEBUG\8.EXE.EMBED.MANIFEST
D:\GITHUB\OJ\8\8\DEBUG\8.EXE.EMBED.MANIFEST.RES
D:\GITHUB\OJ\8\8\DEBUG\8.EXE.INTERMEDIATE.MANIFEST
D:\GITHUB\OJ\8\8\DEBUG\8.OBJ
D:\GitHub\OJ\8\8\Debug\8.vcxprojResolveAssemblyReference.cache
D:\GitHub\OJ\8\8\Debug\8.write.1.tlog
D:\GitHub\OJ\8\8\Debug\8_manifest.rc
D:\GitHub\OJ\8\8\Debug\cl.command.1.tlog
D:\GitHub\OJ\8\8\Debug\CL.read.1.tlog
D:\GitHub\OJ\8\8\Debug\CL.write.1.tlog
D:\GitHub\OJ\8\8\Debug\link.2956.read.1.tlog
D:\GitHub\OJ\8\8\Debug\link.2956.write.1.tlog
D:\GitHub\OJ\8\8\Debug\link.2956-cvtres.read.1.tlog
D:\GitHub\OJ\8\8\Debug\link.2956-cvtres.write.1.tlog
D:\GitHub\OJ\8\8\Debug\link.command.1.tlog
D:\GitHub\OJ\8\8\Debug\link.read.1.tlog
D:\GitHub\OJ\8\8\Debug\link.write.1.tlog
D:\GitHub\OJ\8\8\Debug\link-cvtres.read.1.tlog
D:\GitHub\OJ\8\8\Debug\link-cvtres.write.1.tlog
D:\GitHub\OJ\8\8\Debug\mt.command.1.tlog
D:\GitHub\OJ\8\8\Debug\mt.read.1.tlog
D:\GitHub\OJ\8\8\Debug\mt.write.1.tlog
D:\GitHub\OJ\8\8\Debug\rc.command.1.tlog
D:\GitHub\OJ\8\8\Debug\rc.read.1.tlog
D:\GitHub\OJ\8\8\Debug\rc.write.1.tlog
D:\GitHub\OJ\8\8\Debug\vc100.idb
D:\GITHUB\OJ\8\8\DEBUG\VC100.PDB
