生成启动时间为 2017/2/10 6:12:20。
     1>项目“D:\GitHub\OJ\19\19\19.vcxproj”在节点 2 上(build 个目标)。
     1>InitializeBuildStatus:
         正在创建“Debug\19.unsuccessfulbuild”，因为已指定“AlwaysCreate”。
       ClCompile:
         所有输出均为最新。
       ManifestResourceCompile:
         所有输出均为最新。
       Link:
         C:\Program Files\Microsoft Visual Studio 10.0\VC\bin\link.exe /ERRORREPORT:PROMPT /OUT:"D:\GitHub\OJ\11\11\Debug\19.exe" /INCREMENTAL /NOLOGO kernel32.lib user32.lib gdi32.lib winspool.lib comdlg32.lib advapi32.lib shell32.lib ole32.lib oleaut32.lib uuid.lib odbc32.lib odbccp32.lib /MANIFEST /ManifestFile:"Debug\19.exe.intermediate.manifest" /MANIFESTUAC:"level='asInvoker' uiAccess='false'" /DEBUG /PDB:"D:\GitHub\OJ\11\11\Debug\19.pdb" /SUBSYSTEM:CONSOLE /TLBID:1 /DYNAMICBASE /NXCOMPAT /IMPLIB:"D:\GitHub\OJ\11\11\Debug\19.lib" /MACHINE:X86 Debug\19.exe.embed.manifest.res
         Debug\19.obj
       Manifest:
         C:\Program Files\Microsoft SDKs\Windows\v7.0A\bin\mt.exe /nologo /verbose /out:"Debug\19.exe.embed.manifest" /manifest Debug\19.exe.intermediate.manifest
         所有输出均为最新。
       LinkEmbedManifest:
         所有输出均为最新。
         19.vcxproj -> D:\GitHub\OJ\11\11\Debug\19.exe
       FinalizeBuildStatus:
         正在删除文件“Debug\19.unsuccessfulbuild”。
         正在对“Debug\19.lastbuildstate”执行 Touch 任务。
     1>已完成生成项目“D:\GitHub\OJ\19\19\19.vcxproj”(build 个目标)的操作。

生成成功。

已用时间 00:00:00.43
