D:\GITHUB\OJ\11\11\DEBUG\11.EXE
D:\GITHUB\OJ\11\11\DEBUG\11.EXE.EMBED.MANIFEST
D:\GITHUB\OJ\11\11\DEBUG\11.EXE.EMBED.MANIFEST.RES
D:\GITHUB\OJ\11\11\DEBUG\11.EXE.INTERMEDIATE.MANIFEST
D:\GITHUB\OJ\11\11\DEBUG\11.ILK
D:\GITHUB\OJ\11\11\DEBUG\11.OBJ
D:\GITHUB\OJ\11\11\DEBUG\11.PDB
D:\GitHub\OJ\11\11\Debug\11.vcxprojResolveAssemblyReference.cache
D:\GitHub\OJ\11\11\Debug\11.write.1.tlog
D:\GitHub\OJ\11\11\Debug\11_manifest.rc
D:\GitHub\OJ\11\11\Debug\12.ilk
D:\GitHub\OJ\11\11\Debug\12.pdb
D:\GitHub\OJ\11\11\Debug\cl.command.1.tlog
D:\GitHub\OJ\11\11\Debug\CL.read.1.tlog
D:\GitHub\OJ\11\11\Debug\CL.write.1.tlog
D:\GitHub\OJ\11\11\Debug\link.3168.read.1.tlog
D:\GitHub\OJ\11\11\Debug\link.3168.write.1.tlog
D:\GitHub\OJ\11\11\Debug\link.3168-cvtres.read.1.tlog
D:\GitHub\OJ\11\11\Debug\link.3168-cvtres.write.1.tlog
D:\GitHub\OJ\11\11\Debug\link.command.1.tlog
D:\GitHub\OJ\11\11\Debug\link.read.1.tlog
D:\GitHub\OJ\11\11\Debug\link.write.1.tlog
D:\GitHub\OJ\11\11\Debug\link-cvtres.read.1.tlog
D:\GitHub\OJ\11\11\Debug\link-cvtres.write.1.tlog
D:\GitHub\OJ\11\11\Debug\mt.command.1.tlog
D:\GitHub\OJ\11\11\Debug\mt.read.1.tlog
D:\GitHub\OJ\11\11\Debug\mt.write.1.tlog
D:\GitHub\OJ\11\11\Debug\rc.command.1.tlog
D:\GitHub\OJ\11\11\Debug\rc.read.1.tlog
D:\GitHub\OJ\11\11\Debug\rc.write.1.tlog
D:\GitHub\OJ\11\11\Debug\vc100.idb
D:\GITHUB\OJ\11\11\DEBUG\VC100.PDB
D:\GITHUB\OJ\3\3\DEBUG\11.EXE
D:\GITHUB\OJ\3\3\DEBUG\11.ILK
D:\GITHUB\OJ\3\3\DEBUG\11.PDB
