D:\GITHUB\OJ\1\DEBUG\2.EXE
D:\GITHUB\OJ\1\DEBUG\2.EXE.MANIFEST
D:\GITHUB\OJ\1\DEBUG\2.ILK
D:\GITHUB\OJ\1\DEBUG\2.PDB
D:\GitHub\OJ\2\2\Debug\2.exe.embed.manifest
D:\GITHUB\OJ\2\2\DEBUG\2.EXE.EMBED.MANIFEST.RES
D:\GITHUB\OJ\2\2\DEBUG\2.EXE.INTERMEDIATE.MANIFEST
D:\GITHUB\OJ\2\2\DEBUG\2.OBJ
D:\GitHub\OJ\2\2\Debug\2.vcxprojResolveAssemblyReference.cache
D:\GitHub\OJ\2\2\Debug\2.write.1.tlog
D:\GitHub\OJ\2\2\Debug\2_manifest.rc
D:\GitHub\OJ\2\2\Debug\cl.command.1.tlog
D:\GitHub\OJ\2\2\Debug\CL.read.1.tlog
D:\GitHub\OJ\2\2\Debug\CL.write.1.tlog
D:\GitHub\OJ\2\2\Debug\link.2260.read.1.tlog
D:\GitHub\OJ\2\2\Debug\link.2260.write.1.tlog
D:\GitHub\OJ\2\2\Debug\link.command.1.tlog
D:\GitHub\OJ\2\2\Debug\link.read.1.tlog
D:\GitHub\OJ\2\2\Debug\link.write.1.tlog
D:\GitHub\OJ\2\2\Debug\mt.command.1.tlog
D:\GitHub\OJ\2\2\Debug\mt.read.1.tlog
D:\GitHub\OJ\2\2\Debug\mt.write.1.tlog
D:\GitHub\OJ\2\2\Debug\rc.command.1.tlog
D:\GitHub\OJ\2\2\Debug\rc.read.1.tlog
D:\GitHub\OJ\2\2\Debug\rc.write.1.tlog
D:\GitHub\OJ\2\2\Debug\vc100.idb
D:\GITHUB\OJ\2\2\DEBUG\VC100.PDB
